Library/Bee/Android/Prj/Mono2x/Gradle/tuanjieLibrary/build/intermediates/manifest_merge_blame_file/release/manifest-merger-blame-release-report.txt
1<?xml version="1.0" encoding="utf-8"?>
2<manifest xmlns:android="http://schemas.android.com/apk/res/android"
3    xmlns:tools="http://schemas.android.com/tools"
4    package="com.unity3d.player" >
5
6    <uses-sdk android:minSdkVersion="22" />
6-->src\main\AndroidManifest.xml
7
8    <uses-feature android:glEsVersion="0x00030000" />
8-->src\main\AndroidManifest.xml:3:3-52
8-->src\main\AndroidManifest.xml:3:17-49
9    <uses-feature
9-->src\main\AndroidManifest.xml:4:3-91
10        android:name="android.hardware.vulkan.version"
10-->src\main\AndroidManifest.xml:4:17-63
11        android:required="false" />
11-->src\main\AndroidManifest.xml:4:64-88
12    <uses-feature
12-->src\main\AndroidManifest.xml:5:3-88
13        android:name="android.hardware.touchscreen"
13-->src\main\AndroidManifest.xml:5:17-60
14        android:required="false" />
14-->src\main\AndroidManifest.xml:5:61-85
15    <uses-feature
15-->src\main\AndroidManifest.xml:6:3-99
16        android:name="android.hardware.touchscreen.multitouch"
16-->src\main\AndroidManifest.xml:6:17-71
17        android:required="false" />
17-->src\main\AndroidManifest.xml:6:72-96
18    <uses-feature
18-->src\main\AndroidManifest.xml:7:3-108
19        android:name="android.hardware.touchscreen.multitouch.distinct"
19-->src\main\AndroidManifest.xml:7:17-80
20        android:required="false" />
20-->src\main\AndroidManifest.xml:7:81-105
21
22    <application
22-->src\main\AndroidManifest.xml:8:3-24:17
23        android:enableOnBackInvokedCallback="true"
23-->src\main\AndroidManifest.xml:8:16-58
24        android:extractNativeLibs="true" >
24-->src\main\AndroidManifest.xml:8:59-91
25        <meta-data
25-->src\main\AndroidManifest.xml:9:5-71
26            android:name="tuanjie.splash-mode"
26-->src\main\AndroidManifest.xml:9:16-50
27            android:value="0" />
27-->src\main\AndroidManifest.xml:9:51-68
28        <meta-data
28-->src\main\AndroidManifest.xml:10:5-76
29            android:name="tuanjie.splash-enable"
29-->src\main\AndroidManifest.xml:10:16-52
30            android:value="True" />
30-->src\main\AndroidManifest.xml:10:53-73
31        <meta-data
31-->src\main\AndroidManifest.xml:11:5-80
32            android:name="tuanjie.launch-fullscreen"
32-->src\main\AndroidManifest.xml:11:16-56
33            android:value="True" />
33-->src\main\AndroidManifest.xml:11:57-77
34        <meta-data
34-->src\main\AndroidManifest.xml:12:5-86
35            android:name="tuanjie.allow-resizable-window"
35-->src\main\AndroidManifest.xml:12:16-61
36            android:value="False" />
36-->src\main\AndroidManifest.xml:12:62-83
37        <meta-data
37-->src\main\AndroidManifest.xml:13:5-84
38            android:name="unity.render-outside-safearea"
38-->src\main\AndroidManifest.xml:13:16-60
39            android:value="True" />
39-->src\main\AndroidManifest.xml:13:61-81
40        <meta-data
40-->src\main\AndroidManifest.xml:14:5-81
41            android:name="notch.config"
41-->src\main\AndroidManifest.xml:14:16-43
42            android:value="portrait|landscape" />
42-->src\main\AndroidManifest.xml:14:44-78
43        <meta-data
43-->src\main\AndroidManifest.xml:15:5-86
44            android:name="tuanjie.auto-report-fully-drawn"
44-->src\main\AndroidManifest.xml:15:16-62
45            android:value="true" />
45-->src\main\AndroidManifest.xml:15:63-83
46
47        <activity
47-->src\main\AndroidManifest.xml:16:5-23:16
48            android:name="com.unity3d.player.UnityPlayerActivity"
48-->src\main\AndroidManifest.xml:16:15-68
49            android:configChanges="mcc|mnc|locale|touchscreen|keyboard|keyboardHidden|navigation|orientation|screenLayout|uiMode|screenSize|smallestScreenSize|fontScale|layoutDirection|density"
49-->src\main\AndroidManifest.xml:16:182-363
50            android:exported="true"
50-->src\main\AndroidManifest.xml:16:435-458
51            android:hardwareAccelerated="false"
51-->src\main\AndroidManifest.xml:16:399-434
52            android:launchMode="singleTask"
52-->src\main\AndroidManifest.xml:16:150-181
53            android:resizeableActivity="false"
53-->src\main\AndroidManifest.xml:16:364-398
54            android:screenOrientation="fullUser"
54-->src\main\AndroidManifest.xml:16:113-149
55            android:theme="@style/TuanjieThemeSelector" >
55-->src\main\AndroidManifest.xml:16:69-112
56            <intent-filter>
56-->src\main\AndroidManifest.xml:17:7-20:23
57                <category android:name="android.intent.category.LAUNCHER" />
57-->src\main\AndroidManifest.xml:18:9-69
57-->src\main\AndroidManifest.xml:18:19-66
58
59                <action android:name="android.intent.action.MAIN" />
59-->src\main\AndroidManifest.xml:19:9-61
59-->src\main\AndroidManifest.xml:19:17-58
60            </intent-filter>
61
62            <meta-data
62-->src\main\AndroidManifest.xml:21:7-82
63                android:name="unityplayer.UnityActivity"
63-->src\main\AndroidManifest.xml:21:18-58
64                android:value="true" />
64-->src\main\AndroidManifest.xml:21:59-79
65            <meta-data
65-->src\main\AndroidManifest.xml:22:7-70
66                android:name="notch_support"
66-->src\main\AndroidManifest.xml:22:18-46
67                android:value="true" />
67-->src\main\AndroidManifest.xml:22:47-67
68        </activity>
69    </application>
70
71</manifest>